2023.11.20 14:13:07 INFO  Started: Metals version 1.1.0 in folders '/Users/luzm/git/compilerdesign/project/simp_lab3' for client Visual Studio Code 1.84.2.
2023.11.20 14:13:08 WARN  Build server is not auto-connectable.
2023.11.20 14:13:12 WARN  no build target for: /Users/luzm/git/compilerdesign/project/simp_lab3/src/main/scala/sutd/compiler/simp/ir/CFG.scala
2023.11.20 14:13:16 INFO  no build target found for /Users/luzm/git/compilerdesign/project/simp_lab3/src/main/scala/sutd/compiler/simp/ir/CFG.scala. Using presentation compiler with project's scala-library version: 3.3.1
2023.11.20 14:13:16 WARN  no build target for: /Users/luzm/git/compilerdesign/project/simp_lab3/src/main/scala/sutd/compiler/simp/ir/SSA.scala
2023.11.20 14:13:19 INFO  time: code lens generation in 6.66s
2023.11.20 14:13:19 INFO  time: code lens generation in 2.41s
2023.11.20 14:13:19 INFO  time: code lens generation in 2.39s
2023.11.20 14:13:19 WARN  no build target for: /Users/luzm/git/compilerdesign/project/simp_lab3/src/main/scala/sutd/compiler/simp/ir/SSA.scala
Exception in thread "pool-3-thread-1" java.lang.InterruptedException
	at scala.meta.internal.metals.FutureCancelToken.checkCanceled(FutureCancelToken.scala:29)
	at scala.meta.internal.pc.CompilerAccess.onCompilerJobQueue$$anonfun$1(CompilerAccess.scala:230)
	at scala.meta.internal.pc.CompilerJobQueue$Job.run(CompilerJobQueue.scala:152)
	at java.base/java.util.concurrent.ThreadPoolExecutor.runWorker(ThreadPoolExecutor.java:1130)
	at java.base/java.util.concurrent.ThreadPoolExecutor$Worker.run(ThreadPoolExecutor.java:630)
	at java.base/java.lang.Thread.run(Thread.java:832)
Nov 20, 2023 2:13:19 PM org.eclipse.lsp4j.jsonrpc.RemoteEndpoint handleCancellation
WARNING: Unmatched cancel notification for request id 13
Nov 20, 2023 2:13:19 PM org.eclipse.lsp4j.jsonrpc.RemoteEndpoint handleCancellation
WARNING: Unmatched cancel notification for request id 14
2023.11.20 14:18:30 WARN  no build target for: /Users/luzm/git/compilerdesign/project/simp_lab3/src/main/scala/sutd/compiler/simp/ir/SSA.scala
2023.11.20 14:18:56 WARN  no build target for: /Users/luzm/git/compilerdesign/project/simp_lab3/src/main/scala/sutd/compiler/simp/ir/DF.scala
2023.11.20 15:38:33 INFO  Shutting down server
2023.11.20 15:38:33 INFO  shutting down Metals
2023.11.20 15:38:33 INFO  Exiting server
2023.11.27 12:17:33 INFO  Started: Metals version 1.1.0 in folders '/Users/luzm/git/compilerdesign/project/simp_lab3' for client Visual Studio Code 1.84.2.
Nov 27, 2023 12:17:35 PM org.eclipse.lsp4j.jsonrpc.RemoteEndpoint handleCancellation
WARNING: Unmatched cancel notification for request id 1
2023.11.27 12:17:35 WARN  Build server is not auto-connectable.
2023.11.27 12:17:35 WARN  no build target for: /Users/luzm/git/compilerdesign/project/simp_lab3/src/main/scala/sutd/compiler/simp/ir/DF.scala
2023.11.27 12:17:41 INFO  no build target found for /Users/luzm/git/compilerdesign/project/simp_lab3/src/main/scala/sutd/compiler/simp/ir/DF.scala. Using presentation compiler with project's scala-library version: 3.3.1
2023.11.27 12:17:41 WARN  no build target for: /Users/luzm/git/compilerdesign/project/simp_lab3/src/main/scala/sutd/compiler/simp/lattice/CompleteLattice.scala
Nov 27, 2023 12:17:42 PM org.eclipse.lsp4j.jsonrpc.RemoteEndpoint handleCancellation
WARNING: Unmatched cancel notification for request id 9
Nov 27, 2023 12:17:42 PM org.eclipse.lsp4j.jsonrpc.RemoteEndpoint handleCancellation
WARNING: Unmatched cancel notification for request id 6
Nov 27, 2023 12:17:42 PM org.eclipse.lsp4j.jsonrpc.RemoteEndpoint handleCancellation
WARNING: Unmatched cancel notification for request id 4
Nov 27, 2023 12:17:42 PM org.eclipse.lsp4j.jsonrpc.RemoteEndpoint handleCancellation
WARNING: Unmatched cancel notification for request id 27
Nov 27, 2023 12:17:42 PM org.eclipse.lsp4j.jsonrpc.RemoteEndpoint handleCancellation
WARNING: Unmatched cancel notification for request id 28
2023.11.27 12:17:42 WARN  no build target for: /Users/luzm/git/compilerdesign/project/simp_lab3/src/main/scala/sutd/compiler/simp/lattice/CompleteLattice.scala
2023.11.27 12:17:46 INFO  time: code lens generation in 3.63s
2023.11.27 12:17:46 INFO  time: code lens generation in 4.18s
2023.11.27 12:17:46 INFO  time: code lens generation in 4.04s
2023.11.27 12:17:46 INFO  time: code lens generation in 4.05s
2023.11.27 12:17:46 INFO  time: code lens generation in 4.34s
2023.11.27 12:17:46 INFO  time: code lens generation in 4.07s
2023.11.27 12:18:15 INFO  Shutting down server
2023.11.27 12:18:15 INFO  shutting down Metals
2023.11.27 12:18:15 INFO  Exiting server
2024.10.04 08:19:50 INFO  Started: Metals version 1.3.5 in folders '/Users/luzm/git/compilerdesign/project/simp_lab3' for client Visual Studio Code 1.93.1.[0m
Downloading https://repo1.maven.org/maven2/com/h2database/h2/2.1.214/h2-2.1.214.jar
2024.10.04 08:19:52 INFO  Upgraded H2 database.[0m
SLF4J(W): Class path contains multiple SLF4J providers.
SLF4J(W): Found provider [scribe.slf4j.ScribeServiceProvider@11a437f5]
SLF4J(W): Found provider [ch.qos.logback.classic.spi.LogbackServiceProvider@4a2dfc7a]
SLF4J(W): See https://www.slf4j.org/codes.html#multiple_bindings for an explanation.
SLF4J(I): Actual provider is of type [scribe.slf4j.ScribeServiceProvider@11a437f5]
2024.10.04 08:19:52 WARN  Flyway upgrade recommended: H2 2.3.230 is newer than this version of Flyway and support has not been tested. The latest supported version of H2 is 2.2.220.[0m
Oct 04, 2024 8:19:52 AM org.eclipse.lsp4j.jsonrpc.services.GenericEndpoint notify
INFO: Unsupported notification method: $/setTrace
2024.10.04 08:19:52 INFO  no build target found for /Users/luzm/git/compilerdesign/project/simp_lab3/src/main/scala/sutd/compiler/simp/lattice/CompleteLattice.scala. Using presentation compiler with project's scala-library version: 3.3.3[0m
Oct 04, 2024 8:19:52 AM org.eclipse.lsp4j.jsonrpc.services.GenericEndpoint notify
INFO: Unsupported notification method: $/setTrace
2024.10.04 08:19:59 INFO  no build target found for /Users/luzm/git/compilerdesign/project/simp_lab3/src/main/scala/sutd/compiler/simp/ir/MMUpDown.scala. Using presentation compiler with project's scala-library version: 3.3.3[0m
2024.10.04 08:20:06 INFO  no build target found for /Users/luzm/git/compilerdesign/project/simp_lab3/src/main/scala/sutd/compiler/simp/ir/MMUpDown.scala. Using presentation compiler with project's scala-library version: 3.3.3[0m
2024.10.04 08:20:06 INFO  no build target found for /Users/luzm/git/compilerdesign/project/simp_lab3/src/main/scala/sutd/compiler/simp/ir/MMUpDown.scala. Using presentation compiler with project's scala-library version: 3.3.3[0m
2024.10.04 08:20:06 INFO  no build target found for /Users/luzm/git/compilerdesign/project/simp_lab3/src/main/scala/sutd/compiler/simp/ir/MMUpDown.scala. Using presentation compiler with project's scala-library version: 3.3.3[0m
2024.10.04 08:20:07 INFO  no build target found for /Users/luzm/git/compilerdesign/project/simp_lab3/src/main/scala/sutd/compiler/simp/ir/MMUpDown.scala. Using presentation compiler with project's scala-library version: 3.3.3[0m
2024.10.04 08:20:07 INFO  no build target found for /Users/luzm/git/compilerdesign/project/simp_lab3/src/main/scala/sutd/compiler/simp/ir/MMUpDown.scala. Using presentation compiler with project's scala-library version: 3.3.3[0m
2024.10.04 08:20:07 INFO  no build target found for /Users/luzm/git/compilerdesign/project/simp_lab3/src/main/scala/sutd/compiler/simp/ir/MMUpDown.scala. Using presentation compiler with project's scala-library version: 3.3.3[0m
2024.10.04 08:20:07 INFO  no build target found for /Users/luzm/git/compilerdesign/project/simp_lab3/src/main/scala/sutd/compiler/simp/ir/MMUpDown.scala. Using presentation compiler with project's scala-library version: 3.3.3[0m
2024.10.04 08:20:13 INFO  no build target found for /Users/luzm/git/compilerdesign/project/simp_lab3/src/main/scala/sutd/compiler/simp/ir/MMUpDown.scala. Using presentation compiler with project's scala-library version: 3.3.3[0m
2024.10.04 08:20:13 INFO  no build target found for /Users/luzm/git/compilerdesign/project/simp_lab3/src/main/scala/sutd/compiler/simp/ir/MaximalMunch.scala. Using presentation compiler with project's scala-library version: 3.3.3[0m
2024.10.04 08:20:13 INFO  no build target found for /Users/luzm/git/compilerdesign/project/simp_lab3/src/main/scala/sutd/compiler/simp/ir/MaximalMunch.scala. Using presentation compiler with project's scala-library version: 3.3.3[0m
2024.10.04 08:20:16 INFO  no build target found for /Users/luzm/git/compilerdesign/project/simp_lab3/src/main/scala/sutd/compiler/simp/ir/MaximalMunch.scala. Using presentation compiler with project's scala-library version: 3.3.3[0m
2024.10.04 08:20:19 INFO  no build target found for /Users/luzm/git/compilerdesign/project/simp_lab3/src/main/scala/sutd/compiler/simp/ir/MaximalMunch.scala. Using presentation compiler with project's scala-library version: 3.3.3[0m
2024.10.04 08:20:19 INFO  no build target found for /Users/luzm/git/compilerdesign/project/simp_lab3/src/main/scala/sutd/compiler/simp/ir/MaximalMunch.scala. Using presentation compiler with project's scala-library version: 3.3.3[0m
2024.10.04 08:20:19 INFO  no build target found for /Users/luzm/git/compilerdesign/project/simp_lab3/src/main/scala/sutd/compiler/simp/ir/MaximalMunch.scala. Using presentation compiler with project's scala-library version: 3.3.3[0m
2024.10.04 08:20:19 INFO  no build target found for /Users/luzm/git/compilerdesign/project/simp_lab3/src/main/scala/sutd/compiler/simp/ir/MaximalMunch.scala. Using presentation compiler with project's scala-library version: 3.3.3[0m
Oct 04, 2024 8:20:20 AM org.eclipse.lsp4j.jsonrpc.RemoteEndpoint handleCancellation
WARNING: Unmatched cancel notification for request id 91
2024.10.04 08:20:19 INFO  no build target found for /Users/luzm/git/compilerdesign/project/simp_lab3/src/main/scala/sutd/compiler/simp/ir/MaximalMunch.scala. Using presentation compiler with project's scala-library version: 3.3.3[0m
2024.10.04 08:20:19 INFO  no build target found for /Users/luzm/git/compilerdesign/project/simp_lab3/src/main/scala/sutd/compiler/simp/ir/MaximalMunch.scala. Using presentation compiler with project's scala-library version: 3.3.3[0m
2024.10.04 08:20:19 INFO  no build target found for /Users/luzm/git/compilerdesign/project/simp_lab3/src/main/scala/sutd/compiler/simp/ir/MaximalMunch.scala. Using presentation compiler with project's scala-library version: 3.3.3[0m
2024.10.04 08:20:19 INFO  no build target found for /Users/luzm/git/compilerdesign/project/simp_lab3/src/main/scala/sutd/compiler/simp/ir/MaximalMunch.scala. Using presentation compiler with project's scala-library version: 3.3.3[0m
2024.10.04 08:20:19 INFO  no build target found for /Users/luzm/git/compilerdesign/project/simp_lab3/src/main/scala/sutd/compiler/simp/ir/MaximalMunch.scala. Using presentation compiler with project's scala-library version: 3.3.3[0m
2024.10.04 08:20:19 INFO  no build target found for /Users/luzm/git/compilerdesign/project/simp_lab3/src/main/scala/sutd/compiler/simp/ir/MaximalMunch.scala. Using presentation compiler with project's scala-library version: 3.3.3[0m
2024.10.04 08:20:21 INFO  no build target found for /Users/luzm/git/compilerdesign/project/simp_lab3/src/main/scala/sutd/compiler/simp/ir/MaximalMunch.scala. Using presentation compiler with project's scala-library version: 3.3.3[0m
2024.10.04 08:20:21 INFO  no build target found for /Users/luzm/git/compilerdesign/project/simp_lab3/src/main/scala/sutd/compiler/simp/ir/MaximalMunch.scala. Using presentation compiler with project's scala-library version: 3.3.3[0m
2024.10.04 08:20:21 INFO  no build target found for /Users/luzm/git/compilerdesign/project/simp_lab3/src/main/scala/sutd/compiler/simp/ir/MaximalMunch.scala. Using presentation compiler with project's scala-library version: 3.3.3[0m
2024.10.04 08:20:21 INFO  no build target found for /Users/luzm/git/compilerdesign/project/simp_lab3/src/main/scala/sutd/compiler/simp/ir/MaximalMunch.scala. Using presentation compiler with project's scala-library version: 3.3.3[0m
2024.10.04 08:20:21 INFO  no build target found for /Users/luzm/git/compilerdesign/project/simp_lab3/src/main/scala/sutd/compiler/simp/ir/MaximalMunch.scala. Using presentation compiler with project's scala-library version: 3.3.3[0m
2024.10.04 08:20:21 INFO  no build target found for /Users/luzm/git/compilerdesign/project/simp_lab3/src/main/scala/sutd/compiler/simp/ir/MaximalMunch.scala. Using presentation compiler with project's scala-library version: 3.3.3[0m
2024.10.04 08:20:21 INFO  no build target found for /Users/luzm/git/compilerdesign/project/simp_lab3/src/main/scala/sutd/compiler/simp/ir/MaximalMunch.scala. Using presentation compiler with project's scala-library version: 3.3.3[0m
2024.10.04 08:20:21 INFO  no build target found for /Users/luzm/git/compilerdesign/project/simp_lab3/src/main/scala/sutd/compiler/simp/ir/MaximalMunch.scala. Using presentation compiler with project's scala-library version: 3.3.3[0m
2024.10.04 08:20:21 WARN  no build target for: /Users/luzm/git/compilerdesign/project/simp_lab3/src/main/scala/sutd/compiler/simp/ir/MaximalMunch.scala[0m
2024.10.04 08:20:21 INFO  no build target found for /Users/luzm/git/compilerdesign/project/simp_lab3/src/main/scala/sutd/compiler/simp/ir/MaximalMunch.scala. Using presentation compiler with project's scala-library version: 3.3.3[0m
2024.10.04 08:20:22 INFO  no build target found for /Users/luzm/git/compilerdesign/project/simp_lab3/src/main/scala/sutd/compiler/simp/ir/MaximalMunch.scala. Using presentation compiler with project's scala-library version: 3.3.3[0m
Oct 04, 2024 8:50:16 AM org.eclipse.lsp4j.jsonrpc.services.GenericEndpoint notify
INFO: Unsupported notification method: $/setTrace
2024.10.04 08:50:16 INFO  no build target found for /Users/luzm/git/compilerdesign/project/simp_lab3/src/main/scala/sutd/compiler/simp/ir/MaximalMunch.scala. Using presentation compiler with project's scala-library version: 3.3.3[0m
2024.10.04 08:54:52 INFO  no build target found for /Users/luzm/git/compilerdesign/project/simp_lab3/src/main/scala/sutd/compiler/simp/ir/MaximalMunch.scala. Using presentation compiler with project's scala-library version: 3.3.3[0m
2024.10.04 08:55:17 INFO  Shutting down server[0m
2024.10.04 08:55:17 INFO  shutting down Metals[0m
2024.10.04 08:55:17 INFO  Exiting server[0m
2025.11.07 09:13:41 INFO  Started: Metals version 1.6.3 in folders 'C:\Users\wesle\Desktop\School\project\simp' for client Visual Studio Code 1.105.1.
2025.11.07 09:13:42 WARN  Using H2 2.4.240 which is newer than the version Flyway has been verified with. The latest verified version of H2 is 2.3.232.
2025.11.07 09:13:48 INFO  running 'C:\Program Files\Java\jdk-25\bin\java.exe -Djline.terminal=jline.UnsupportedTerminal -Dsbt.log.noformat=true -Dfile.encoding=UTF-8 -jar C:\Users\wesle\AppData\Local\Temp\metals7599609033398890944\sbt-launch.jar -Dbloop.export-jar-classifiers=sources bloopInstall'
2025.11.07 09:13:49 ERROR WARNING: A terminally deprecated method in sun.misc.Unsafe has been called
2025.11.07 09:13:49 ERROR WARNING: sun.misc.Unsafe::arrayBaseOffset has been called by net.openhft.hashing.UnsafeAccess (file:/C:/Users/wesle/.sbt/boot/scala-2.12.20/org.scala-sbt/sbt/1.11.6/zero-allocation-hashing-0.16.jar)
2025.11.07 09:13:49 ERROR WARNING: Please consider reporting this to the maintainers of class net.openhft.hashing.UnsafeAccess
2025.11.07 09:13:49 ERROR WARNING: sun.misc.Unsafe::arrayBaseOffset will be removed in a future release
2025.11.07 09:13:49 ERROR WARNING: A restricted method in java.lang.System has been called
2025.11.07 09:13:49 ERROR WARNING: java.lang.System::load has been called by com.sun.jna.Native in an unnamed module (file:/C:/Users/wesle/.sbt/boot/scala-2.12.20/org.scala-sbt/sbt/1.11.6/jna-5.12.0.jar)
2025.11.07 09:13:49 ERROR WARNING: Use --enable-native-access=ALL-UNNAMED to avoid a warning for callers in this module
2025.11.07 09:13:49 ERROR WARNING: Restricted methods will be blocked in a future release unless native access is enabled
2025.11.07 09:13:49 ERROR 
2025.11.07 09:13:49 INFO  [info] welcome to sbt 1.11.6 (Oracle Corporation Java 25)
2025.11.07 09:13:51 INFO  [info] loading settings for project simp-build-build-build from metals.sbt...
2025.11.07 09:13:51 INFO  [info] loading project definition from C:\Users\wesle\Desktop\School\project\simp\project\project\project
2025.11.07 09:13:53 INFO  [info] loading settings for project simp-build-build from metals.sbt...
2025.11.07 09:13:53 INFO  [info] loading project definition from C:\Users\wesle\Desktop\School\project\simp\project\project
2025.11.07 09:13:55 INFO  [success] Generated .bloop\simp-build-build.json
2025.11.07 09:13:55 INFO  [success] Total time: 2 s, completed 7 Nov 2025, 9:13:55 am
2025.11.07 09:13:55 INFO  [info] loading settings for project simp-build from metals.sbt, plugins.sbt...
2025.11.07 09:13:55 INFO  [info] loading project definition from C:\Users\wesle\Desktop\School\project\simp\project
2025.11.07 09:13:58 INFO  [success] Generated .bloop\simp-build.json
2025.11.07 09:13:58 INFO  [success] Total time: 2 s, completed 7 Nov 2025, 9:13:58 am
2025.11.07 09:13:59 INFO  [info] loading settings for project simp from build.sbt...
2025.11.07 09:13:59 INFO  [info] set current project to simp (in build file:/C:/Users/wesle/Desktop/School/project/simp/)
2025.11.07 09:13:59 INFO  [success] Generated .bloop\simp.json
2025.11.07 09:13:59 INFO  [success] Generated .bloop\simp-test.json
2025.11.07 09:13:59 INFO  [success] Total time: 1 s, completed 7 Nov 2025, 9:14:00 am
2025.11.07 09:14:00 INFO  time: ran 'sbt bloopInstall' in 12s
2025.11.07 09:14:00 INFO  Attempting to connect to the build server...
2025.11.07 09:14:00 INFO  No running Bloop server found, starting one.
2025.11.07 09:14:01 INFO  Starting compilation server
2025.11.07 09:14:03 INFO  tracing is disabled for protocol BSP, to enable tracing of incoming and outgoing JSON messages create an empty file at C:\Users\wesle\Desktop\School\project\simp\.metals\bsp.trace.json or C:\Users\wesle\AppData\Local\scalameta\metals\cache\bsp.trace.json
2025.11.07 09:14:03 INFO  Attempting to connect to the build server...
2025.11.07 09:14:03 INFO  Found a Bloop server running
2025.11.07 09:14:03 INFO  Attempting to connect to the build server...
2025.11.07 09:14:03 INFO  Found a Bloop server running
2025.11.07 09:14:03 INFO  tracing is disabled for protocol BSP, to enable tracing of incoming and outgoing JSON messages create an empty file at C:\Users\wesle\Desktop\School\project\simp\project\project\.metals\bsp.trace.json or C:\Users\wesle\AppData\Local\scalameta\metals\cache\bsp.trace.json
2025.11.07 09:14:03 INFO  tracing is disabled for protocol BSP, to enable tracing of incoming and outgoing JSON messages create an empty file at C:\Users\wesle\Desktop\School\project\simp\project\.metals\bsp.trace.json or C:\Users\wesle\AppData\Local\scalameta\metals\cache\bsp.trace.json
2025.11.07 09:14:03 INFO  time: Connected to build server in 2.8s
2025.11.07 09:14:03 INFO  Connected to Build server: Bloop v2.0.16
2025.11.07 09:14:03 INFO  time: Imported build in 0.16s
2025.11.07 09:14:07 WARN  Using H2 2.4.240 which is newer than the version Flyway has been verified with. The latest verified version of H2 is 2.3.232.
2025.11.07 09:14:16 INFO  time: indexed workspace in 12s
Nov 07, 2025 9:14:30 AM org.eclipse.lsp4j.jsonrpc.services.GenericEndpoint notify
INFO: Unsupported notification method: $/setTrace
